[2025-02-05T08:53:26.755657+00:00] main.INFO: {"feed":"undefined","operation":"undefined","status":"Setting mode Update On Schedule for indexer Sales Order Feed","elapsed":"00:00:00 513 ms","pid":"1572238","caller":"bin\/magento setup:install --base-url=http:\/\/devanshi.magento.com --db-host=localhost --db-name=magento2 --db-user=magento2"} [] []
[2025-02-05T08:53:27.223237+00:00] main.INFO: {"feed":"undefined","operation":"undefined","status":"Setting mode Update On Schedule for indexer Sales Order Statuses Feed","elapsed":"00:00:01 980 ms","pid":"1572238","caller":"bin\/magento setup:install --base-url=http:\/\/devanshi.magento.com --db-host=localhost --db-name=magento2 --db-user=magento2"} [] []
[2025-02-05T08:53:27.572476+00:00] main.INFO: {"feed":"undefined","operation":"undefined","status":"Setting mode Update On Schedule for indexer Stores Feed","elapsed":"00:00:01 329 ms","pid":"1572238","caller":"bin\/magento setup:install --base-url=http:\/\/devanshi.magento.com --db-host=localhost --db-name=magento2 --db-user=magento2"} [] []
[2025-02-05T09:12:07.640763+00:00] main.INFO: {"feed":"salesOrders","operation":"full reindex(legacy)","status":"Initialize","elapsed":"93 ms","pid":"1579200","caller":"bin\/magento indexer:reindex"} [] []
[2025-02-05T09:12:07.872036+00:00] main.INFO: {"feed":"salesOrders","operation":"full reindex(legacy)","status":"Creating batch table `sales_data_exporter_orders_index_batches`. Start position: 0","elapsed":"325 ms","pid":"1579200","caller":"bin\/magento indexer:reindex"} [] []
[2025-02-05T09:12:07.967632+00:00] main.INFO: {"feed":"salesOrders","operation":"full reindex(legacy)","status":"Batch table `sales_data_exporter_orders_index_batches` created. Total Items: 0, batches: ~0","elapsed":"420 ms","pid":"1579200","caller":"bin\/magento indexer:reindex"} [] []
[2025-02-05T09:12:07.967951+00:00] main.INFO: {"feed":"salesOrders","operation":"full reindex(legacy)","status":"nothing to process - no items to sync. Not expected? Are there any items in source table `sales_order`?","elapsed":"420 ms","pid":"1579200","caller":"bin\/magento indexer:reindex"} [] []
[2025-02-05T09:12:07.970891+00:00] main.INFO: {"feed":"salesOrders","operation":"full reindex(legacy)","status":"Complete","elapsed":"423 ms","pid":"1579200","caller":"bin\/magento indexer:reindex"} [] []
[2025-02-05T09:12:08.030256+00:00] main.INFO: {"feed":"salesOrderStatuses","operation":"full reindex(legacy)","status":"Initialize","elapsed":"872 ms","pid":"1579200","caller":"bin\/magento indexer:reindex"} [] []
[2025-02-05T09:12:08.251112+00:00] main.INFO: {"feed":"salesOrderStatuses","operation":"full reindex(legacy)","status":"Creating batch table `sales_data_exporter_order_statuses_index_batches`. Start position: ","elapsed":"00:00:00 93 ms","pid":"1579200","caller":"bin\/magento indexer:reindex"} [] []
[2025-02-05T09:12:08.374880+00:00] main.INFO: {"feed":"salesOrderStatuses","operation":"full reindex(legacy)","status":"Batch table `sales_data_exporter_order_statuses_index_batches` created. Total Items: 12, batches: ~0","elapsed":"00:00:00 217 ms","pid":"1579200","caller":"bin\/magento indexer:reindex"} [] []
[2025-02-05T09:12:08.375335+00:00] main.INFO: {"feed":"salesOrderStatuses","operation":"full reindex(legacy)","status":"start processing `12` items in `1` threads with `100` batch size","elapsed":"00:00:00 217 ms","pid":"1579200","caller":"bin\/magento indexer:reindex"} [] []
[2025-02-05T09:12:08.412822+00:00] main.INFO: {"feed":"salesOrderStatuses","operation":"full reindex(legacy)","status":"Progress 1\/1, processed 12, synced 12","elapsed":"00:00:00 255 ms","pid":"1579200","caller":"bin\/magento indexer:reindex"} [] []
[2025-02-05T09:12:08.424943+00:00] main.INFO: {"feed":"salesOrderStatuses","operation":"full reindex(legacy)","status":"Complete","elapsed":"00:00:00 267 ms","pid":"1579200","caller":"bin\/magento indexer:reindex"} [] []
[2025-02-05T09:12:08.490390+00:00] main.INFO: {"feed":"stores","operation":"full reindex(legacy)","status":"Initialize","elapsed":"00:00:00 793 ms","pid":"1579200","caller":"bin\/magento indexer:reindex"} [] []
[2025-02-05T09:12:08.725103+00:00] main.INFO: {"feed":"stores","operation":"full reindex(legacy)","status":"Creating batch table `stores_data_exporter_index_batches`. Start position: 0","elapsed":"00:00:01 27 ms","pid":"1579200","caller":"bin\/magento indexer:reindex"} [] []
[2025-02-05T09:12:08.855119+00:00] main.INFO: {"feed":"stores","operation":"full reindex(legacy)","status":"Batch table `stores_data_exporter_index_batches` created. Total Items: 1, batches: ~0","elapsed":"00:00:01 157 ms","pid":"1579200","caller":"bin\/magento indexer:reindex"} [] []
[2025-02-05T09:12:08.855324+00:00] main.INFO: {"feed":"stores","operation":"full reindex(legacy)","status":"start processing `1` items in `1` threads with `100` batch size","elapsed":"00:00:01 158 ms","pid":"1579200","caller":"bin\/magento indexer:reindex"} [] []
[2025-02-05T09:12:08.879377+00:00] main.INFO: {"feed":"stores","operation":"full reindex(legacy)","status":"Progress 1\/1, processed 1, synced 1","elapsed":"00:00:01 182 ms","pid":"1579200","caller":"bin\/magento indexer:reindex"} [] []
[2025-02-05T09:12:08.889781+00:00] main.INFO: {"feed":"stores","operation":"full reindex(legacy)","status":"Complete","elapsed":"00:00:01 192 ms","pid":"1579200","caller":"bin\/magento indexer:reindex"} [] []
[2025-02-05T09:14:04.770297+00:00] main.INFO: {"feed":"salesOrders","operation":"full reindex(legacy)","status":"Initialize","elapsed":"352 ms","pid":"1579873","caller":"bin\/magento indexer:reindex"} [] []
[2025-02-05T09:14:05.046962+00:00] main.INFO: {"feed":"salesOrders","operation":"full reindex(legacy)","status":"Creating batch table `sales_data_exporter_orders_index_batches`. Start position: 0","elapsed":"629 ms","pid":"1579873","caller":"bin\/magento indexer:reindex"} [] []
[2025-02-05T09:14:05.188183+00:00] main.INFO: {"feed":"salesOrders","operation":"full reindex(legacy)","status":"Batch table `sales_data_exporter_orders_index_batches` created. Total Items: 0, batches: ~0","elapsed":"770 ms","pid":"1579873","caller":"bin\/magento indexer:reindex"} [] []
[2025-02-05T09:14:05.188634+00:00] main.INFO: {"feed":"salesOrders","operation":"full reindex(legacy)","status":"nothing to process - no items to sync. Not expected? Are there any items in source table `sales_order`?","elapsed":"771 ms","pid":"1579873","caller":"bin\/magento indexer:reindex"} [] []
[2025-02-05T09:14:05.193525+00:00] main.INFO: {"feed":"salesOrders","operation":"full reindex(legacy)","status":"Complete","elapsed":"776 ms","pid":"1579873","caller":"bin\/magento indexer:reindex"} [] []
[2025-02-05T09:14:05.257129+00:00] main.INFO: {"feed":"salesOrderStatuses","operation":"full reindex(legacy)","status":"Initialize","elapsed":"00:00:00 326 ms","pid":"1579873","caller":"bin\/magento indexer:reindex"} [] []
[2025-02-05T09:14:05.529274+00:00] main.INFO: {"feed":"salesOrderStatuses","operation":"full reindex(legacy)","status":"Creating batch table `sales_data_exporter_order_statuses_index_batches`. Start position: ","elapsed":"00:00:00 598 ms","pid":"1579873","caller":"bin\/magento indexer:reindex"} [] []
[2025-02-05T09:14:05.696803+00:00] main.INFO: {"feed":"salesOrderStatuses","operation":"full reindex(legacy)","status":"Batch table `sales_data_exporter_order_statuses_index_batches` created. Total Items: 12, batches: ~0","elapsed":"00:00:01 766 ms","pid":"1579873","caller":"bin\/magento indexer:reindex"} [] []
[2025-02-05T09:14:05.697349+00:00] main.INFO: {"feed":"salesOrderStatuses","operation":"full reindex(legacy)","status":"start processing `12` items in `1` threads with `100` batch size","elapsed":"00:00:01 766 ms","pid":"1579873","caller":"bin\/magento indexer:reindex"} [] []
[2025-02-05T09:14:05.736103+00:00] main.INFO: {"feed":"salesOrderStatuses","operation":"full reindex(legacy)","status":"Progress 1\/1, processed 12, synced 12","elapsed":"00:00:01 805 ms","pid":"1579873","caller":"bin\/magento indexer:reindex"} [] []
[2025-02-05T09:14:05.751086+00:00] main.INFO: {"feed":"salesOrderStatuses","operation":"full reindex(legacy)","status":"Complete","elapsed":"00:00:01 820 ms","pid":"1579873","caller":"bin\/magento indexer:reindex"} [] []
[2025-02-05T09:14:05.814203+00:00] main.INFO: {"feed":"stores","operation":"full reindex(legacy)","status":"Initialize","elapsed":"440 ms","pid":"1579873","caller":"bin\/magento indexer:reindex"} [] []
[2025-02-05T09:14:06.079494+00:00] main.INFO: {"feed":"stores","operation":"full reindex(legacy)","status":"Creating batch table `stores_data_exporter_index_batches`. Start position: 0","elapsed":"706 ms","pid":"1579873","caller":"bin\/magento indexer:reindex"} [] []
[2025-02-05T09:14:06.237439+00:00] main.INFO: {"feed":"stores","operation":"full reindex(legacy)","status":"Batch table `stores_data_exporter_index_batches` created. Total Items: 1, batches: ~0","elapsed":"863 ms","pid":"1579873","caller":"bin\/magento indexer:reindex"} [] []
[2025-02-05T09:14:06.237888+00:00] main.INFO: {"feed":"stores","operation":"full reindex(legacy)","status":"start processing `1` items in `1` threads with `100` batch size","elapsed":"864 ms","pid":"1579873","caller":"bin\/magento indexer:reindex"} [] []
[2025-02-05T09:14:06.266961+00:00] main.INFO: {"feed":"stores","operation":"full reindex(legacy)","status":"Progress 1\/1, processed 1, synced 1","elapsed":"893 ms","pid":"1579873","caller":"bin\/magento indexer:reindex"} [] []
[2025-02-05T09:14:06.281807+00:00] main.INFO: {"feed":"stores","operation":"full reindex(legacy)","status":"Complete","elapsed":"908 ms","pid":"1579873","caller":"bin\/magento indexer:reindex"} [] []
[2025-02-05T09:28:28.787504+00:00] main.INFO: {"feed":"salesOrders","operation":"full reindex(legacy)","status":"Initialize","elapsed":"387 ms","pid":"1751084","caller":"bin\/magento indexer:reindex"} [] []
[2025-02-05T09:28:29.079226+00:00] main.INFO: {"feed":"salesOrders","operation":"full reindex(legacy)","status":"Creating batch table `sales_data_exporter_orders_index_batches`. Start position: 0","elapsed":"679 ms","pid":"1751084","caller":"bin\/magento indexer:reindex"} [] []
[2025-02-05T09:28:29.215394+00:00] main.INFO: {"feed":"salesOrders","operation":"full reindex(legacy)","status":"Batch table `sales_data_exporter_orders_index_batches` created. Total Items: 0, batches: ~0","elapsed":"815 ms","pid":"1751084","caller":"bin\/magento indexer:reindex"} [] []
[2025-02-05T09:28:29.215821+00:00] main.INFO: {"feed":"salesOrders","operation":"full reindex(legacy)","status":"nothing to process - no items to sync. Not expected? Are there any items in source table `sales_order`?","elapsed":"815 ms","pid":"1751084","caller":"bin\/magento indexer:reindex"} [] []
[2025-02-05T09:28:29.220301+00:00] main.INFO: {"feed":"salesOrders","operation":"full reindex(legacy)","status":"Complete","elapsed":"820 ms","pid":"1751084","caller":"bin\/magento indexer:reindex"} [] []
[2025-02-05T09:28:29.281867+00:00] main.INFO: {"feed":"salesOrderStatuses","operation":"full reindex(legacy)","status":"Initialize","elapsed":"00:00:00 375 ms","pid":"1751084","caller":"bin\/magento indexer:reindex"} [] []
[2025-02-05T09:28:29.544860+00:00] main.INFO: {"feed":"salesOrderStatuses","operation":"full reindex(legacy)","status":"Creating batch table `sales_data_exporter_order_statuses_index_batches`. Start position: ","elapsed":"00:00:00 639 ms","pid":"1751084","caller":"bin\/magento indexer:reindex"} [] []
[2025-02-05T09:28:29.691705+00:00] main.INFO: {"feed":"salesOrderStatuses","operation":"full reindex(legacy)","status":"Batch table `sales_data_exporter_order_statuses_index_batches` created. Total Items: 12, batches: ~0","elapsed":"00:00:01 785 ms","pid":"1751084","caller":"bin\/magento indexer:reindex"} [] []
[2025-02-05T09:28:29.692147+00:00] main.INFO: {"feed":"salesOrderStatuses","operation":"full reindex(legacy)","status":"start processing `12` items in `1` threads with `100` batch size","elapsed":"00:00:01 786 ms","pid":"1751084","caller":"bin\/magento indexer:reindex"} [] []
[2025-02-05T09:28:29.728352+00:00] main.INFO: {"feed":"salesOrderStatuses","operation":"full reindex(legacy)","status":"Progress 1\/1, processed 12, synced 12","elapsed":"00:00:01 822 ms","pid":"1751084","caller":"bin\/magento indexer:reindex"} [] []
[2025-02-05T09:28:29.742623+00:00] main.INFO: {"feed":"salesOrderStatuses","operation":"full reindex(legacy)","status":"Complete","elapsed":"00:00:01 836 ms","pid":"1751084","caller":"bin\/magento indexer:reindex"} [] []
[2025-02-05T09:28:29.801604+00:00] main.INFO: {"feed":"stores","operation":"full reindex(legacy)","status":"Initialize","elapsed":"415 ms","pid":"1751084","caller":"bin\/magento indexer:reindex"} [] []
[2025-02-05T09:28:30.078831+00:00] main.INFO: {"feed":"stores","operation":"full reindex(legacy)","status":"Creating batch table `stores_data_exporter_index_batches`. Start position: 0","elapsed":"692 ms","pid":"1751084","caller":"bin\/magento indexer:reindex"} [] []
[2025-02-05T09:28:30.236676+00:00] main.INFO: {"feed":"stores","operation":"full reindex(legacy)","status":"Batch table `stores_data_exporter_index_batches` created. Total Items: 1, batches: ~0","elapsed":"850 ms","pid":"1751084","caller":"bin\/magento indexer:reindex"} [] []
[2025-02-05T09:28:30.237236+00:00] main.INFO: {"feed":"stores","operation":"full reindex(legacy)","status":"start processing `1` items in `1` threads with `100` batch size","elapsed":"851 ms","pid":"1751084","caller":"bin\/magento indexer:reindex"} [] []
[2025-02-05T09:28:30.267630+00:00] main.INFO: {"feed":"stores","operation":"full reindex(legacy)","status":"Progress 1\/1, processed 1, synced 1","elapsed":"881 ms","pid":"1751084","caller":"bin\/magento indexer:reindex"} [] []
[2025-02-05T09:28:30.282556+00:00] main.INFO: {"feed":"stores","operation":"full reindex(legacy)","status":"Complete","elapsed":"896 ms","pid":"1751084","caller":"bin\/magento indexer:reindex"} [] []
